* 000000 [Engine] Log started at 2024/7/16 19:9:11
* 000000 [Engine] This copy of the engine is git hash 683cab3cde55985112f46049a17cbeeaadad4410, built on Jan 30 2023, at 14:33:27
* 000000 [Engine] Platform: Mac OS X
* 000000 [Engine] 
* 000000 [Engine] *******************************************************************************************
* 000000 [Engine] *** This is the Standard license build!                                                 ***
* 000000 [Engine] *** Get more with an Indie or Pro license such as C extensions, mobile dev, and VR dev! ***
* 000000 [Engine] *** Details at http://dragonruby.org/toolkit/game#purchase                              ***
* 000000 [Engine] *******************************************************************************************
* 000000 [Engine] 
- 000000 [Engine] Game Dir: /Users/justinlamb/repos/Idle-Garden//mygame
- 000000 [Engine] Game ID: idle-garden
- 000000 [Engine] Game Title: Idle Garden
- 000000 [Engine] Game Version: 0.8
- 000000 [Engine] Game Package ID: org.jalamb5.idle-garden
- 000000 [Engine] Game Developer ID: jalamb5
- 000000 [Engine] Game Developer Title: Justin Lamb
- 000000 [Engine] Production Build: no
- 000000 [Engine] Remote Hotload: no
? 000000 [Engine] Loading cvars from file 'metadata/cvars.txt' ...
? 000000 [Engine] File 'metadata/cvars.txt' line 1 setting cvar 'log.filter_subsystems' to 'HTTPServer'
? 000000 [Engine] File 'metadata/cvars.txt' complete
? 000000 [Engine] RNG seed has been set to 1721182151.
- 000000 [Engine] Janitor is using 4 threads.
? 000000 [Engine] Marked app/main.rb for reload. (-1)
- 000010 [Game] Game state and exception will be written to logs/exceptions/game_state_601.txt and logs/exceptions/current.txt.
- 000010 [Game] * EXCEPTION:
* ERROR - :__delete_thrash_count__! method missing on ~Game~.
The method named
  :__delete_thrash_count__!
doesn't exist on
  [Game, #<Class:#<Game:0x138032050>>, Game].
#+begin_src ~Game#inspect~
{:splash_state=>false, :plants=>[], :seeds=>501, :harvested_plants=>0, :cash=>0, :price=>{:seed=>5, :plant=>10, :harvester=>150, :planter=>150, :seller=>50}, :auto_planters=>[], :auto_harvesters=>[], :auto_sellers=>[], :counter=>2}
#+end_src ~Game#inspect~ for :__delete_thrash_count__! method missing on ~Game~

** Did you mean?
Here's a list of methods that kind of look like :__delete_thrash_count__!.
*** :counter, *** :counter=
** Backtrace:
*** app/button.rb:108:in save
*** app/button.rb:59:in clicked?
*** app/game.rb:98:in monitor_buttons
*** app/game.rb:97:in monitor_buttons
*** app/game.rb:60:in standard_display
*** app/game.rb:39:in tick
*** app/main.rb:10:in tick
*** app/button.rb:9 (601)
* 000013 [Engine] Logging shutting down
