* 000000 [Engine] Log started at 2024/5/30 11:44:52
* 000000 [Engine] This copy of the engine is git hash 683cab3cde55985112f46049a17cbeeaadad4410, built on Jan 30 2023, at 14:33:27
* 000000 [Engine] Platform: Mac OS X
* 000000 [Engine] 
* 000000 [Engine] *******************************************************************************************
* 000000 [Engine] *** This is the Standard license build!                                                 ***
* 000000 [Engine] *** Get more with an Indie or Pro license such as C extensions, mobile dev, and VR dev! ***
* 000000 [Engine] *** Details at http://dragonruby.org/toolkit/game#purchase                              ***
* 000000 [Engine] *******************************************************************************************
* 000000 [Engine] 
- 000000 [Engine] Game Dir: samples/99_genre_crafting/farming_game_starting_point
- 000000 [Engine] Game ID: sample-app
- 000000 [Engine] Game Title: Sample App
- 000000 [Engine] Game Version: 1.0
- 000000 [Engine] Game Package ID: org.dragonruby.sample-app
- 000000 [Engine] Game Developer ID: dragonruby
- 000000 [Engine] Game Developer Title: DragonRuby LLC
- 000000 [Engine] Production Build: no
- 000000 [Engine] Remote Hotload: no
? 000000 [Engine] RNG seed has been set to 1717094692.
- 000000 [Engine] Janitor is using 4 threads.
? 000000 [Engine] Marked app/main.rb for reload. (-1)
* 000047 [Engine] Logging shutting down
